INFO:root:1/2/1/2/5/25398/207/255276.53-273.73-275.37-277.04-1024-71
INFO:root:data_decode from server TYPE/CON/CLASS/CODE/MID/TOKEN/ 
INFO:root:1/2/1/2/5/54309/86/255276.36-273.81-275.37-277.04-1024-81
INFO:root:data_decode from server TYPE/CON/CLASS/CODE/MID/TOKEN/ 
INFO:root:1/2/1/2/5/27897/176/255276.53-273.73-275.37-277.04-1024-71
INFO:root:Mesaj parsat de la server:
INFO:root:data_decode from server TYPE/CON/CLASS/CODE/MID/TOKEN/ 
INFO:root:1/2/1/2/5/45186/139/255275.79-272.05-274.82-276.48-1025-75
INFO:root:Mesaj parsat de la server:
INFO:root:data_decode from server TYPE/CON/CLASS/CODE/MID/TOKEN/ 
INFO:root:1/2/1/2/5/62234/153/255275.79-272.05-274.82-276.48-1025-75
INFO:root:Mesaj parsat de la server:
INFO:root:None
INFO:root:data_decode from server TYPE/CON/CLASS/CODE/MID/TOKEN/ 
INFO:root:1/2/1/2/5/6191/148/255275.79-272.05-274.82-276.48-1025-75
INFO:root:Mesaj parsat de la server:
INFO:root:None
INFO:root:data_decode from server TYPE/CON/CLASS/CODE/MID/TOKEN/ 
INFO:root:1/2/1/2/5/12495/119/255275.79-272.05-274.82-276.48-1025-75
INFO:root:Mesaj parsat de la server:
INFO:root:None
INFO:root:data_decode from server TYPE/CON/CLASS/CODE/MID/TOKEN/ 
INFO:root:1/2/1/2/5/1266/72/255275.79-272.05-274.82-276.48-1025-75
INFO:root:Mesaj parsat de la server:
INFO:root:None
INFO:root:data_decode from server TYPE/CON/CLASS/CODE/MID/TOKEN/ 
INFO:root:1/2/1/2/5/23414/131/255275-272.41-273.15-275.93-1025-80
INFO:root:Mesaj parsat de la server:
INFO:root:None
INFO:root:data_decode from server TYPE/CON/CLASS/CODE/MID/TOKEN/ 
INFO:root:1/2/1/2/4/42632/244/2551.85--0.74-0.0-2.78-1025-80
INFO:root:Mesaj parsat de la server:
INFO:root:None
INFO:root:data_decode from server TYPE/CON/CLASS/CODE/MID/TOKEN/ 
INFO:root:1/2/1/2/5/16308/164/255273.55-271.11-272.15-274.26-1025-92
INFO:root:Mesaj parsat de la server:
INFO:root:None
INFO:root:data_decode from server TYPE/CON/CLASS/CODE/MID/TOKEN/ 
INFO:root:1/2/1/2/5/14125/110/255274.71-272.03-272.59-275.93-1025-74
INFO:root:Mesaj parsat de la server:
INFO:root:None
INFO:root:data_decode from server TYPE/CON/CLASS/CODE/MID/TOKEN/ 
INFO:root:1/2/1/2/5/44910/43/255274.71-272.03-272.59-275.93-1025-74
INFO:root:Mesaj parsat de la server:
INFO:root:None
INFO:root:data_decode from server TYPE/CON/CLASS/CODE/MID/TOKEN/ 
INFO:root:1/2/1/2/5/26045/215/255295.95-296.3-295.44-296.31-1013-77
INFO:root:Mesaj parsat de la server:
INFO:root:None
